0 info it worked if it ends with ok
1 verbose cli [ '/usr/local/bin/node',
1 verbose cli   '/usr/local/bin/npm',
1 verbose cli   'install',
1 verbose cli   '--save',
1 verbose cli   'memwatch' ]
2 info using npm@1.4.9
3 info using node@v0.11.13
4 verbose node symlink /usr/local/bin/node
5 warn package.json Homesec@0.0.3 No repository field.
6 warn package.json Homesec@0.0.3 No README data
7 verbose readDependencies using package.json deps
8 verbose cache add [ 'memwatch', null ]
9 verbose cache add name=undefined spec="memwatch" args=["memwatch",null]
10 verbose parsed url { protocol: null,
10 verbose parsed url   slashes: null,
10 verbose parsed url   auth: null,
10 verbose parsed url   host: null,
10 verbose parsed url   port: null,
10 verbose parsed url   hostname: null,
10 verbose parsed url   hash: null,
10 verbose parsed url   search: null,
10 verbose parsed url   query: null,
10 verbose parsed url   pathname: 'memwatch',
10 verbose parsed url   path: 'memwatch',
10 verbose parsed url   href: 'memwatch' }
11 silly lockFile 6099d716-memwatch memwatch
12 verbose lock memwatch /Users/jpx/.npm/6099d716-memwatch.lock
13 silly lockFile 6099d716-memwatch memwatch
14 silly lockFile 6099d716-memwatch memwatch
15 verbose addNamed [ 'memwatch', '' ]
16 verbose addNamed [ null, '*' ]
17 silly lockFile 0703982f-memwatch memwatch@
18 verbose lock memwatch@ /Users/jpx/.npm/0703982f-memwatch.lock
19 silly addNameRange { name: 'memwatch', range: '*', hasData: false }
20 verbose url raw memwatch
21 verbose url resolving [ 'https://registry.npmjs.org/', './memwatch' ]
22 verbose url resolved https://registry.npmjs.org/memwatch
23 info trying registry request attempt 1 at 06:31:35
24 verbose etag "DXQP69CCFRFYESV4BAP1FHAIV"
25 http GET https://registry.npmjs.org/memwatch
26 http 304 https://registry.npmjs.org/memwatch
27 silly registry.get cb [ 304,
27 silly registry.get   { date: 'Wed, 13 Aug 2014 13:31:35 GMT',
27 silly registry.get     server: 'Apache',
27 silly registry.get     via: '1.1 varnish',
27 silly registry.get     'last-modified': 'Wed, 13 Aug 2014 13:31:31 GMT',
27 silly registry.get     'cache-control': 'max-age=60',
27 silly registry.get     etag: '"DXQP69CCFRFYESV4BAP1FHAIV"',
27 silly registry.get     'x-served-by': 'cache-lax1431-LAX',
27 silly registry.get     'x-cache': 'HIT',
27 silly registry.get     'x-cache-hits': '2',
27 silly registry.get     'x-timer': 'S1407936695.859780,VS0,VE0',
27 silly registry.get     vary: 'Accept',
27 silly registry.get     'content-length': '0',
27 silly registry.get     connection: 'close' } ]
28 verbose etag memwatch from cache
29 silly addNameRange number 2 { name: 'memwatch', range: '*', hasData: true }
30 silly addNameRange versions [ 'memwatch',
30 silly addNameRange   [ '0.1.0',
30 silly addNameRange     '0.1.1',
30 silly addNameRange     '0.1.2',
30 silly addNameRange     '0.1.3',
30 silly addNameRange     '0.1.4',
30 silly addNameRange     '0.1.5',
30 silly addNameRange     '0.2.0',
30 silly addNameRange     '0.2.1',
30 silly addNameRange     '0.2.2' ] ]
31 verbose addNamed [ 'memwatch', '0.2.2' ]
32 verbose addNamed [ '0.2.2', '0.2.2' ]
33 silly lockFile de70a2ed-memwatch-0-2-2 memwatch@0.2.2
34 verbose lock memwatch@0.2.2 /Users/jpx/.npm/de70a2ed-memwatch-0-2-2.lock
35 silly lockFile de70a2ed-memwatch-0-2-2 memwatch@0.2.2
36 silly lockFile de70a2ed-memwatch-0-2-2 memwatch@0.2.2
37 silly lockFile 0703982f-memwatch memwatch@
38 silly lockFile 0703982f-memwatch memwatch@
39 silly resolved [ { name: 'memwatch',
39 silly resolved     description: 'Keep an eye on your memory usage, and discover and isolate leaks.',
39 silly resolved     version: '0.2.2',
39 silly resolved     author: { name: 'Lloyd Hilaiel', url: 'http://lloyd.io' },
39 silly resolved     engines: { node: '>= 0.6.0' },
39 silly resolved     repository:
39 silly resolved      { type: 'git',
39 silly resolved        url: 'https://github.com/lloyd/node-memwatch.git' },
39 silly resolved     main: 'include.js',
39 silly resolved     licenses: [ [Object] ],
39 silly resolved     bugs: { url: 'https://github.com/lloyd/node-memwatch/issues' },
39 silly resolved     scripts: { install: 'node-gyp rebuild', test: 'mocha tests' },
39 silly resolved     devDependencies: { mocha: '1.2.2', should: '0.6.3', 'node-gyp': '0.5.7' },
39 silly resolved     contributors: [ [Object], [Object], [Object] ],
39 silly resolved     readme: '`node-memwatch`: Leak Detection and Heap Diffing for Node.JS\n============================================================\n\n[![Build Status](https://secure.travis-ci.org/lloyd/node-memwatch.png)](http://travis-ci.org/lloyd/node-memwatch)\n\n`node-memwatch` is here to help you detect and find memory leaks in\nNode.JS code.  It provides:\n\n- A `leak` event, emitted when it appears your code is leaking memory.\n\n- A `stats` event, emitted occasionally, giving you\n  data describing your heap usage and trends over time.\n\n- A `HeapDiff` class that lets you compare the state of your heap between\n  two points in time, telling you what has been allocated, and what\n  has been released.\n\n\nInstallation\n------------\n\n- `npm install memwatch`\n\nor\n\n- `git clone git://github.com/lloyd/node-memwatch.git`\n\n\nDescription\n-----------\n\nThere are a growing number of tools for debugging and profiling memory\nusage in Node.JS applications, but there is still a need for a\nplatform-independent native module that requires no special\ninstrumentation.  This module attempts to satisfy that need.\n\nTo get started, import `node-memwatch` like so:\n\n```javascript\nvar memwatch = require(\'memwatch\');\n```\n\n### Leak Detection\n\nYou can then subscribe to `leak` events.  A `leak` event will be\nemitted when your heap usage has increased for five consecutive\ngarbage collections:\n\n```javascript\nmemwatch.on(\'leak\', function(info) { ... });\n```\n\nThe `info` object will look something like:\n\n```javascript\n{ start: Fri, 29 Jun 2012 14:12:13 GMT,\n  end: Fri, 29 Jun 2012 14:12:33 GMT,\n  growth: 67984,\n  reason: \'heap growth over 5 consecutive GCs (20s) - 11.67 mb/hr\' }\n```\n\n\n### Heap Usage\n\nThe best way to evaluate your memory footprint is to look at heap\nusage right aver V8 performs garbage collection.  `memwatch` does\nexactly this - it checks heap usage only after GC to give you a stable\nbaseline of your actual memory usage.\n\nWhen V8 performs a garbage collection (technically, we\'re talking\nabout a full GC with heap compaction), `memwatch` will emit a `stats`\nevent.\n\n```javascript\nmemwatch.on(\'stats\', function(stats) { ... });\n```\n\nThe `stats` data will look something like this:\n\n```javascript\n{\n  "num_full_gc": 17,\n  "num_inc_gc": 8,\n  "heap_compactions": 8,\n  "estimated_base": 2592568,\n  "current_base": 2592568,\n  "min": 2499912,\n  "max": 2592568,\n  "usage_trend": 0\n}\n```\n\n`estimated_base` and `usage_trend` are tracked over time.  If usage\ntrend is consistently positive, it indicates that your base heap size\nis continuously growing and you might have a leak.\n\nV8 has its own idea of when it\'s best to perform a GC, and under a\nheavy load, it may defer this action for some time.  To aid in\nspeedier debugging, `memwatch` provides a `gc()` method to force V8 to\ndo a full GC and heap compaction.\n\n\n### Heap Diffing\n\nSo far we have seen how `memwatch` can aid in leak detection.  For\nleak isolation, it provides a `HeapDiff` class that takes two snapshots\nand computes a diff between them.  For example:\n\n```javascript\n// Take first snapshot\nvar hd = new memwatch.HeapDiff();\n\n// do some things ...\n\n// Take the second snapshot and compute the diff\nvar diff = hd.end();\n```\n\nThe contents of `diff` will look something like:\n\n```javascript\n{\n  "before": { "nodes": 11625, "size_bytes": 1869904, "size": "1.78 mb" },\n  "after":  { "nodes": 21435, "size_bytes": 2119136, "size": "2.02 mb" },\n  "change": { "size_bytes": 249232, "size": "243.39 kb", "freed_nodes": 197,\n    "allocated_nodes": 10007,\n    "details": [\n      { "what": "String",\n        "size_bytes": -2120,  "size": "-2.07 kb",  "+": 3,    "-": 62\n      },\n      { "what": "Array",\n        "size_bytes": 66687,  "size": "65.13 kb",  "+": 4,    "-": 78\n      },\n      { "what": "LeakingClass",\n        "size_bytes": 239952, "size": "234.33 kb", "+": 9998, "-": 0\n      }\n    ]\n  }\n```\n\nThe diff shows that during the sample period, the total number of\nallocated `String` and `Array` classes decreased, but `Leaking Class`\ngrew by 9998 allocations.  Hmmm.\n\nYou can use `HeapDiff` in your `on(\'stats\')` callback; even though it\ntakes a memory snapshot, which triggers a V8 GC, it will not trigger\nthe `stats` event itself.  Because that would be silly.\n\n\nFuture Work\n-----------\n\nPlease see the Issues to share suggestions and contribute!\n\n\nLicense\n-------\n\nhttp://wtfpl.org\n',
39 silly resolved     readmeFilename: 'README.md',
39 silly resolved     gypfile: true,
39 silly resolved     homepage: 'https://github.com/lloyd/node-memwatch',
39 silly resolved     _id: 'memwatch@0.2.2',
39 silly resolved     _shasum: '779e8cd982532b6221b6ed1c1269098bee16f92c',
39 silly resolved     _from: 'memwatch@',
39 silly resolved     _resolved: 'https://registry.npmjs.org/memwatch/-/memwatch-0.2.2.tgz' } ]
40 info install memwatch@0.2.2 into /Users/jpx/homesec/src
41 info installOne memwatch@0.2.2
42 info /Users/jpx/homesec/src/node_modules/memwatch unbuild
43 verbose tar unpack /Users/jpx/.npm/memwatch/0.2.2/package.tgz
44 silly lockFile d9db64c2-omesec-src-node-modules-memwatch tar:///Users/jpx/homesec/src/node_modules/memwatch
45 verbose lock tar:///Users/jpx/homesec/src/node_modules/memwatch /Users/jpx/.npm/d9db64c2-omesec-src-node-modules-memwatch.lock
46 silly lockFile c2b2e819-x-npm-memwatch-0-2-2-package-tgz tar:///Users/jpx/.npm/memwatch/0.2.2/package.tgz
47 verbose lock tar:///Users/jpx/.npm/memwatch/0.2.2/package.tgz /Users/jpx/.npm/c2b2e819-x-npm-memwatch-0-2-2-package-tgz.lock
48 silly gunzTarPerm modes [ '755', '644' ]
49 silly gunzTarPerm extractEntry package.json
50 silly gunzTarPerm extractEntry .npmignore
51 silly gunzTarPerm extractEntry README.md
52 silly gunzTarPerm extractEntry tests.js
53 silly gunzTarPerm extractEntry foo.js
54 silly gunzTarPerm extractEntry include.js
55 silly gunzTarPerm extractEntry .travis.yml
56 silly gunzTarPerm extractEntry ChangeLog
57 silly gunzTarPerm extractEntry #wscript#
58 silly gunzTarPerm extractEntry binding.gyp
59 silly gunzTarPerm extractEntry src/heapdiff.cc
60 silly gunzTarPerm extractEntry src/heapdiff.hh
61 silly gunzTarPerm extractEntry src/init.cc
62 silly gunzTarPerm extractEntry src/memwatch.cc
63 silly gunzTarPerm extractEntry src/memwatch.hh
64 silly gunzTarPerm extractEntry src/platformcompat.hh
65 silly gunzTarPerm extractEntry src/util.cc
66 silly gunzTarPerm extractEntry src/util.hh
67 silly gunzTarPerm extractEntry examples/basic_heapdiff.js
68 silly gunzTarPerm extractEntry examples/do_nothing_server.js
69 silly gunzTarPerm extractEntry examples/slightly_leaky.js
70 silly lockFile d9db64c2-omesec-src-node-modules-memwatch tar:///Users/jpx/homesec/src/node_modules/memwatch
71 silly lockFile d9db64c2-omesec-src-node-modules-memwatch tar:///Users/jpx/homesec/src/node_modules/memwatch
72 silly lockFile c2b2e819-x-npm-memwatch-0-2-2-package-tgz tar:///Users/jpx/.npm/memwatch/0.2.2/package.tgz
73 silly lockFile c2b2e819-x-npm-memwatch-0-2-2-package-tgz tar:///Users/jpx/.npm/memwatch/0.2.2/package.tgz
74 info preinstall memwatch@0.2.2
75 verbose readDependencies using package.json deps
76 verbose readDependencies using package.json deps
77 silly resolved []
78 verbose about to build /Users/jpx/homesec/src/node_modules/memwatch
79 info build /Users/jpx/homesec/src/node_modules/memwatch
80 verbose linkStuff [ false, false, false, '/Users/jpx/homesec/src/node_modules' ]
81 info linkStuff memwatch@0.2.2
82 verbose linkBins memwatch@0.2.2
83 verbose linkMans memwatch@0.2.2
84 verbose rebuildBundles memwatch@0.2.2
85 info install memwatch@0.2.2
86 verbose unsafe-perm in lifecycle false
87 info memwatch@0.2.2 Failed to exec install script
88 info /Users/jpx/homesec/src/node_modules/memwatch unbuild
89 info preuninstall memwatch@0.2.2
90 info uninstall memwatch@0.2.2
91 verbose true,/Users/jpx/homesec/src/node_modules,/Users/jpx/homesec/src/node_modules unbuild memwatch@0.2.2
92 info postuninstall memwatch@0.2.2
93 error memwatch@0.2.2 install: `node-gyp rebuild`
93 error Exit status 1
94 error Failed at the memwatch@0.2.2 install script.
94 error This is most likely a problem with the memwatch package,
94 error not with npm itself.
94 error Tell the author that this fails on your system:
94 error     node-gyp rebuild
94 error You can get their info via:
94 error     npm owner ls memwatch
94 error There is likely additional logging output above.
95 error System Darwin 13.3.0
96 error command "/usr/local/bin/node" "/usr/local/bin/npm" "install" "--save" "memwatch"
97 error cwd /Users/jpx/homesec/src
98 error node -v v0.11.13
99 error npm -v 1.4.9
100 error code ELIFECYCLE
101 verbose exit [ 1, true ]
